Not searching for unused variables given on the command line.
[36m--[0m Using CATKIN_DEVEL_PREFIX: /home/sysgen/Project_Lab_P5/Project_Lab_CAS/new_ws/devel/.private/franka_example_nodes
[36m--[0m Using CMAKE_PREFIX_PATH: /home/sysgen/Project_Lab_P5/Project_Lab_CAS/new_ws/devel;/home/sysgen/Project_Lab_P5/Project_Lab_CAS/custom_ws/devel;/opt/ros/noetic;/opt/intel/oneapi/tbb/2021.8.0/env/..;/opt/intel/oneapi/dnnl/2023.0.0/cpu_dpcpp_gpu_dpcpp/../lib/cmake;/opt/intel/oneapi/dal/2023.0.0;/opt/intel/oneapi/compiler/2023.0.0/linux/IntelDPCPP
[36m--[0m This workspace overlays: /home/sysgen/Project_Lab_P5/Project_Lab_CAS/new_ws/devel;/home/sysgen/Project_Lab_P5/Project_Lab_CAS/custom_ws/devel;/opt/ros/noetic
[36m--[0m Found PythonInterp: /usr/bin/python3 (found suitable version "3.8.10", minimum required is "3")
[36m--[0m Using PYTHON_EXECUTABLE: /usr/bin/python3
[36m--[0m Using Debian Python package layout
[36m--[0m Using empy: /usr/lib/python3/dist-packages/em.py
[36m--[0m Using CATKIN_ENABLE_TESTING: ON
[36m--[0m Call enable_testing()
[36m--[0m Using CATKIN_TEST_RESULTS_DIR: /home/sysgen/Project_Lab_P5/Project_Lab_CAS/new_ws/build/franka_example_nodes/test_results
[36m--[0m Forcing gtest/gmock from source, though one was otherwise available.
[36m--[0m Found gtest sources under '/usr/src/googletest': gtests will be built
[36m--[0m Found gmock sources under '/usr/src/googletest': gmock will be built
[36m--[0m Found PythonInterp: /usr/bin/python3 (found version "3.8.10")
[36m--[0m Using Python nosetests: /usr/bin/nosetests3
[36m--[0m catkin 0.8.10
[36m--[0m BUILD_SHARED_LIBS is on
[36m--[0m Using these message generators: gencpp;geneus;genlisp;gennodejs;genpy
[36m--[0m Configuring done
[31m[1mCMake Error[0m at /home/sysgen/Project_Lab_P5/Project_Lab_CAS/new_ws/src/franka_example_nodes/CMakeLists.txt:136 (add_executable):
  Cannot find source file:

    src/franka_example_nodes_node.cpp

  Tried extensions .c .C .c++ .cc .cpp .cxx .cu .m .M .mm .h .hh .h++ .hm
  .hpp .hxx .in .txx


[31m[1mCMake Error[0m at /home/sysgen/Project_Lab_P5/Project_Lab_CAS/new_ws/src/franka_example_nodes/CMakeLists.txt:136 (add_executable):
  No SOURCES given to target: gripper_control


CMake Generate step failed.  Build files cannot be regenerated correctly.
