/usr/bin/ld: CMakeFiles/gripper_control.dir/src/gripper_control.cpp.o: in function `main':
gripper_control.cpp:(.text.startup+0x495): undefined reference to `moveit_visual_tools::MoveItVisualTools::MoveItVisualTools(std::__cxx11::basic_string<char, std::char_traits<char>, std::allocator<char> > const&, std::__cxx11::basic_string<char, std::char_traits<char>, std::allocator<char> > const&, std::shared_ptr<moveit::core::RobotModel const>)'
/usr/bin/ld: gripper_control.cpp:(.text.startup+0x4cd): undefined reference to `rviz_visual_tools::RvizVisualTools::deleteAllMarkers()'
/usr/bin/ld: gripper_control.cpp:(.text.startup+0x4d5): undefined reference to `rviz_visual_tools::RvizVisualTools::loadRemoteControl()'
/usr/bin/ld: gripper_control.cpp:(.text.startup+0x56c): undefined reference to `rviz_visual_tools::RvizVisualTools::publishText(Eigen::Transform<double, 3, 1, 0> const&, std::__cxx11::basic_string<char, std::char_traits<char>, std::allocator<char> > const&, rviz_visual_tools::colors, rviz_visual_tools::scales, bool)'
/usr/bin/ld: gripper_control.cpp:(.text.startup+0x589): undefined reference to `rviz_visual_tools::RvizVisualTools::trigger()'
/usr/bin/ld: gripper_control.cpp:(.text.startup+0x924): undefined reference to `rviz_visual_tools::RvizVisualTools::publishAxisLabeled(geometry_msgs::Pose_<std::allocator<void> > const&, std::__cxx11::basic_string<char, std::char_traits<char>, std::allocator<char> > const&, rviz_visual_tools::scales, rviz_visual_tools::colors)'
/usr/bin/ld: gripper_control.cpp:(.text.startup+0x972): undefined reference to `rviz_visual_tools::RvizVisualTools::publishText(Eigen::Transform<double, 3, 1, 0> const&, std::__cxx11::basic_string<char, std::char_traits<char>, std::allocator<char> > const&, rviz_visual_tools::colors, rviz_visual_tools::scales, bool)'
/usr/bin/ld: gripper_control.cpp:(.text.startup+0x9bb): undefined reference to `moveit_visual_tools::MoveItVisualTools::publishTrajectoryLine(moveit_msgs::RobotTrajectory_<std::allocator<void> > const&, moveit::core::JointModelGroup const*, rviz_visual_tools::colors const&)'
/usr/bin/ld: gripper_control.cpp:(.text.startup+0x9c7): undefined reference to `rviz_visual_tools::RvizVisualTools::trigger()'
/usr/bin/ld: gripper_control.cpp:(.text.startup+0xadf): undefined reference to `rviz_visual_tools::RvizVisualTools::deleteAllMarkers()'
/usr/bin/ld: gripper_control.cpp:(.text.startup+0xb15): undefined reference to `rviz_visual_tools::RvizVisualTools::publishText(Eigen::Transform<double, 3, 1, 0> const&, std::__cxx11::basic_string<char, std::char_traits<char>, std::allocator<char> > const&, rviz_visual_tools::colors, rviz_visual_tools::scales, bool)'
/usr/bin/ld: gripper_control.cpp:(.text.startup+0xb54): undefined reference to `moveit_visual_tools::MoveItVisualTools::publishTrajectoryLine(moveit_msgs::RobotTrajectory_<std::allocator<void> > const&, moveit::core::JointModelGroup const*, rviz_visual_tools::colors const&)'
/usr/bin/ld: gripper_control.cpp:(.text.startup+0xb5c): undefined reference to `rviz_visual_tools::RvizVisualTools::trigger()'
/usr/bin/ld: gripper_control.cpp:(.text.startup+0xe62): undefined reference to `rviz_visual_tools::RvizVisualTools::deleteAllMarkers()'
/usr/bin/ld: gripper_control.cpp:(.text.startup+0xe8e): undefined reference to `rviz_visual_tools::RvizVisualTools::publishAxisLabeled(geometry_msgs::Pose_<std::allocator<void> > const&, std::__cxx11::basic_string<char, std::char_traits<char>, std::allocator<char> > const&, rviz_visual_tools::scales, rviz_visual_tools::colors)'
/usr/bin/ld: gripper_control.cpp:(.text.startup+0xecb): undefined reference to `rviz_visual_tools::RvizVisualTools::publishAxisLabeled(geometry_msgs::Pose_<std::allocator<void> > const&, std::__cxx11::basic_string<char, std::char_traits<char>, std::allocator<char> > const&, rviz_visual_tools::scales, rviz_visual_tools::colors)'
/usr/bin/ld: gripper_control.cpp:(.text.startup+0xf12): undefined reference to `rviz_visual_tools::RvizVisualTools::publishText(Eigen::Transform<double, 3, 1, 0> const&, std::__cxx11::basic_string<char, std::char_traits<char>, std::allocator<char> > const&, rviz_visual_tools::colors, rviz_visual_tools::scales, bool)'
/usr/bin/ld: gripper_control.cpp:(.text.startup+0xf51): undefined reference to `moveit_visual_tools::MoveItVisualTools::publishTrajectoryLine(moveit_msgs::RobotTrajectory_<std::allocator<void> > const&, moveit::core::JointModelGroup const*, rviz_visual_tools::colors const&)'
/usr/bin/ld: gripper_control.cpp:(.text.startup+0xf59): undefined reference to `rviz_visual_tools::RvizVisualTools::trigger()'
/usr/bin/ld: gripper_control.cpp:(.text.startup+0x1170): undefined reference to `rviz_visual_tools::RvizVisualTools::deleteAllMarkers()'
/usr/bin/ld: gripper_control.cpp:(.text.startup+0x11a6): undefined reference to `rviz_visual_tools::RvizVisualTools::publishText(Eigen::Transform<double, 3, 1, 0> const&, std::__cxx11::basic_string<char, std::char_traits<char>, std::allocator<char> > const&, rviz_visual_tools::colors, rviz_visual_tools::scales, bool)'
/usr/bin/ld: gripper_control.cpp:(.text.startup+0x11e5): undefined reference to `moveit_visual_tools::MoveItVisualTools::publishTrajectoryLine(moveit_msgs::RobotTrajectory_<std::allocator<void> > const&, moveit::core::JointModelGroup const*, rviz_visual_tools::colors const&)'
/usr/bin/ld: gripper_control.cpp:(.text.startup+0x120c): undefined reference to `rviz_visual_tools::RvizVisualTools::publishPath(std::vector<geometry_msgs::Pose_<std::allocator<void> >, std::allocator<geometry_msgs::Pose_<std::allocator<void> > > > const&, rviz_visual_tools::colors, rviz_visual_tools::scales, std::__cxx11::basic_string<char, std::char_traits<char>, std::allocator<char> > const&)'
/usr/bin/ld: gripper_control.cpp:(.text.startup+0x129c): undefined reference to `rviz_visual_tools::RvizVisualTools::publishAxisLabeled(geometry_msgs::Pose_<std::allocator<void> > const&, std::__cxx11::basic_string<char, std::char_traits<char>, std::allocator<char> > const&, rviz_visual_tools::scales, rviz_visual_tools::colors)'
/usr/bin/ld: gripper_control.cpp:(.text.startup+0x1368): undefined reference to `rviz_visual_tools::RvizVisualTools::trigger()'
/usr/bin/ld: gripper_control.cpp:(.text.startup+0x1466): undefined reference to `rviz_visual_tools::RvizVisualTools::deleteAllMarkers()'
/usr/bin/ld: gripper_control.cpp:(.text.startup+0x149c): undefined reference to `rviz_visual_tools::RvizVisualTools::publishText(Eigen::Transform<double, 3, 1, 0> const&, std::__cxx11::basic_string<char, std::char_traits<char>, std::allocator<char> > const&, rviz_visual_tools::colors, rviz_visual_tools::scales, bool)'
/usr/bin/ld: gripper_control.cpp:(.text.startup+0x14db): undefined reference to `moveit_visual_tools::MoveItVisualTools::publishTrajectoryLine(moveit_msgs::RobotTrajectory_<std::allocator<void> > const&, moveit::core::JointModelGroup const*, rviz_visual_tools::colors const&)'
/usr/bin/ld: gripper_control.cpp:(.text.startup+0x14e3): undefined reference to `rviz_visual_tools::RvizVisualTools::trigger()'
/usr/bin/ld: gripper_control.cpp:(.text.startup+0x16bf): undefined reference to `rviz_visual_tools::RvizVisualTools::publishText(Eigen::Transform<double, 3, 1, 0> const&, std::__cxx11::basic_string<char, std::char_traits<char>, std::allocator<char> > const&, rviz_visual_tools::colors, rviz_visual_tools::scales, bool)'
/usr/bin/ld: gripper_control.cpp:(.text.startup+0x16dc): undefined reference to `rviz_visual_tools::RvizVisualTools::trigger()'
/usr/bin/ld: gripper_control.cpp:(.text.startup+0x1763): undefined reference to `rviz_visual_tools::RvizVisualTools::publishText(Eigen::Transform<double, 3, 1, 0> const&, std::__cxx11::basic_string<char, std::char_traits<char>, std::allocator<char> > const&, rviz_visual_tools::colors, rviz_visual_tools::scales, bool)'
/usr/bin/ld: gripper_control.cpp:(.text.startup+0x17a5): undefined reference to `moveit_visual_tools::MoveItVisualTools::publishTrajectoryLine(moveit_msgs::RobotTrajectory_<std::allocator<void> > const&, moveit::core::JointModelGroup const*, rviz_visual_tools::colors const&)'
/usr/bin/ld: gripper_control.cpp:(.text.startup+0x17ad): undefined reference to `rviz_visual_tools::RvizVisualTools::trigger()'
/usr/bin/ld: gripper_control.cpp:(.text.startup+0x19d2): undefined reference to `rviz_visual_tools::RvizVisualTools::publishText(Eigen::Transform<double, 3, 1, 0> const&, std::__cxx11::basic_string<char, std::char_traits<char>, std::allocator<char> > const&, rviz_visual_tools::colors, rviz_visual_tools::scales, bool)'
/usr/bin/ld: gripper_control.cpp:(.text.startup+0x19f3): undefined reference to `rviz_visual_tools::RvizVisualTools::trigger()'
/usr/bin/ld: gripper_control.cpp:(.text.startup+0x1a77): undefined reference to `moveit_visual_tools::MoveItVisualTools::publishTrajectoryLine(moveit_msgs::RobotTrajectory_<std::allocator<void> > const&, moveit::core::JointModelGroup const*, rviz_visual_tools::colors const&)'
/usr/bin/ld: gripper_control.cpp:(.text.startup+0x1a83): undefined reference to `rviz_visual_tools::RvizVisualTools::trigger()'
/usr/bin/ld: gripper_control.cpp:(.text.startup+0x1ada): undefined reference to `rviz_visual_tools::RvizVisualTools::deleteAllMarkers()'
/usr/bin/ld: gripper_control.cpp:(.text.startup+0x1b10): undefined reference to `rviz_visual_tools::RvizVisualTools::publishText(Eigen::Transform<double, 3, 1, 0> const&, std::__cxx11::basic_string<char, std::char_traits<char>, std::allocator<char> > const&, rviz_visual_tools::colors, rviz_visual_tools::scales, bool)'
/usr/bin/ld: gripper_control.cpp:(.text.startup+0x1b31): undefined reference to `rviz_visual_tools::RvizVisualTools::trigger()'
/usr/bin/ld: gripper_control.cpp:(.text.startup+0x1be6): undefined reference to `rviz_visual_tools::RvizVisualTools::publishText(Eigen::Transform<double, 3, 1, 0> const&, std::__cxx11::basic_string<char, std::char_traits<char>, std::allocator<char> > const&, rviz_visual_tools::colors, rviz_visual_tools::scales, bool)'
/usr/bin/ld: gripper_control.cpp:(.text.startup+0x1c07): undefined reference to `rviz_visual_tools::RvizVisualTools::trigger()'
collect2: error: ld returned 1 exit status
make[2]: *** [CMakeFiles/gripper_control.dir/build.make:186: /home/sysgen/Project_Lab_P5/Project_Lab_CAS/new_ws/devel/.private/franka_example_nodes/lib/franka_example_nodes/gripper_control] Error 1
make[1]: *** [CMakeFiles/Makefile2:239: CMakeFiles/gripper_control.dir/all] Error 2
make: *** [Makefile:141: all] Error 2
