[01m[K/home/sysgen/Project_Lab_P5/Project_Lab_CAS/new_ws/src/franka_example_nodes/src/gripper_control.cpp:[m[K In member function ‘[01m[Kbool Manipulator::goToPoseCartesian(geometry_msgs::Pose)[m[K’:
[01m[K/home/sysgen/Project_Lab_P5/Project_Lab_CAS/new_ws/src/franka_example_nodes/src/gripper_control.cpp:152:110:[m[K [01;35m[Kwarning: [m[K‘[01m[Kdouble moveit::planning_interface::MoveGroupInterface::computeCartesianPath(const std::vector<geometry_msgs::Pose_<std::allocator<void> > >&, double, double, moveit_msgs::RobotTrajectory&, bool, moveit_msgs::MoveItErrorCodes*)[m[K’ is deprecated: Drop jump_threshold [[01;35m[K-Wdeprecated-declarations[m[K]
  152 |     move_group_interface.computeCartesianPath(waypoints, eef_step, jump_threshold, cartesian_plan.trajectory_[01;35m[K)[m[K;
      |                                                                                                              [01;35m[K^[m[K
In file included from [01m[K/home/sysgen/Project_Lab_P5/Project_Lab_CAS/new_ws/src/franka_example_nodes/src/gripper_control.cpp:1[m[K:
[01m[K/home/sysgen/Project_Lab_P5/Project_Lab_CAS/new_ws/src/moveit/moveit_ros/planning_interface/move_group_interface/include/moveit/move_group_interface/move_group_interface.h:783:3:[m[K [01;36m[Knote: [m[Kdeclared here
  783 |   [01;36m[KcomputeCartesianPath[m[K(const std::vector<geometry_msgs::Pose>& waypoints, double eef_step, double /*jump_threshold*/,
      |   [01;36m[K^~~~~~~~~~~~~~~~~~~~[m[K
[01m[K/home/sysgen/Project_Lab_P5/Project_Lab_CAS/new_ws/src/franka_example_nodes/src/gripper_control.cpp:[m[K In function ‘[01m[Kint main(int, char**)[m[K’:
[01m[K/home/sysgen/Project_Lab_P5/Project_Lab_CAS/new_ws/src/franka_example_nodes/src/gripper_control.cpp:633:21:[m[K [01;31m[Kerror: [m[K‘[01m[Kcartesian_plan[m[K’ was not declared in this scope
  633 |     bool success = ([01;31m[Kcartesian_plan[m[K.trajectory_.joint_trajectory.points.size() > 0);
      |                     [01;31m[K^~~~~~~~~~~~~~[m[K
[01m[K/home/sysgen/Project_Lab_P5/Project_Lab_CAS/new_ws/src/franka_example_nodes/src/gripper_control.cpp:638:7:[m[K [01;31m[Kerror: [m[K‘[01m[Kmove_group_interface[m[K’ was not declared in this scope
  638 |       [01;31m[Kmove_group_interface[m[K.setMaxVelocityScalingFactor(0.1);
      |       [01;31m[K^~~~~~~~~~~~~~~~~~~~[m[K
[01m[K/home/sysgen/Project_Lab_P5/Project_Lab_CAS/new_ws/src/franka_example_nodes/src/gripper_control.cpp:[m[K At global scope:
[01m[K/home/sysgen/Project_Lab_P5/Project_Lab_CAS/new_ws/src/franka_example_nodes/src/gripper_control.cpp:646:8:[m[K [01;31m[Kerror: [m[Kredefinition of ‘[01m[Kvoid Manipulator::release()[m[K’
  646 |   void [01;31m[KManipulator[m[K::release()
      |        [01;31m[K^~~~~~~~~~~[m[K
[01m[K/home/sysgen/Project_Lab_P5/Project_Lab_CAS/new_ws/src/franka_example_nodes/src/gripper_control.cpp:200:8:[m[K [01;36m[Knote: [m[K‘[01m[Kvoid Manipulator::release()[m[K’ previously defined here
  200 |   void [01;36m[KManipulator[m[K::release()
      |        [01;36m[K^~~~~~~~~~~[m[K
[01m[K/home/sysgen/Project_Lab_P5/Project_Lab_CAS/new_ws/src/franka_example_nodes/src/gripper_control.cpp:669:8:[m[K [01;31m[Kerror: [m[Kredefinition of ‘[01m[Kvoid Manipulator::grab()[m[K’
  669 |   void [01;31m[KManipulator[m[K::grab()
      |        [01;31m[K^~~~~~~~~~~[m[K
[01m[K/home/sysgen/Project_Lab_P5/Project_Lab_CAS/new_ws/src/franka_example_nodes/src/gripper_control.cpp:223:8:[m[K [01;36m[Knote: [m[K‘[01m[Kvoid Manipulator::grab()[m[K’ previously defined here
  223 |   void [01;36m[KManipulator[m[K::grab()
      |        [01;36m[K^~~~~~~~~~~[m[K
[01m[K/home/sysgen/Project_Lab_P5/Project_Lab_CAS/new_ws/src/franka_example_nodes/src/gripper_control.cpp:693:8:[m[K [01;31m[Kerror: [m[Kredefinition of ‘[01m[Kvoid Manipulator::printCurrentState()[m[K’
  693 |   void [01;31m[KManipulator[m[K::printCurrentState()
      |        [01;31m[K^~~~~~~~~~~[m[K
[01m[K/home/sysgen/Project_Lab_P5/Project_Lab_CAS/new_ws/src/franka_example_nodes/src/gripper_control.cpp:247:8:[m[K [01;36m[Knote: [m[K‘[01m[Kvoid Manipulator::printCurrentState()[m[K’ previously defined here
  247 |   void [01;36m[KManipulator[m[K::printCurrentState()
      |        [01;36m[K^~~~~~~~~~~[m[K
[01m[K/home/sysgen/Project_Lab_P5/Project_Lab_CAS/new_ws/src/franka_example_nodes/src/gripper_control.cpp:706:8:[m[K [01;31m[Kerror: [m[Kredefinition of ‘[01m[Kvoid Manipulator::addObjectToWorkspace(geometry_msgs::Pose, float, float, float)[m[K’
  706 |   void [01;31m[KManipulator[m[K::addObjectToWorkspace(geometry_msgs::Pose object_pose, float x_dim, float y_dim, float z_dim)
      |        [01;31m[K^~~~~~~~~~~[m[K
[01m[K/home/sysgen/Project_Lab_P5/Project_Lab_CAS/new_ws/src/franka_example_nodes/src/gripper_control.cpp:260:8:[m[K [01;36m[Knote: [m[K‘[01m[Kvoid Manipulator::addObjectToWorkspace(geometry_msgs::Pose, float, float, float)[m[K’ previously defined here
  260 |   void [01;36m[KManipulator[m[K::addObjectToWorkspace(geometry_msgs::Pose object_pose, float x_dim, float y_dim, float z_dim)
      |        [01;36m[K^~~~~~~~~~~[m[K
[01m[K/home/sysgen/Project_Lab_P5/Project_Lab_CAS/new_ws/src/franka_example_nodes/src/gripper_control.cpp:730:23:[m[K [01;31m[Kerror: [m[Kredefinition of ‘[01m[Kgeometry_msgs::Pose Manipulator::getCurrentPose()[m[K’
  730 |   geometry_msgs::Pose [01;31m[KManipulator[m[K::getCurrentPose()
      |                       [01;31m[K^~~~~~~~~~~[m[K
[01m[K/home/sysgen/Project_Lab_P5/Project_Lab_CAS/new_ws/src/franka_example_nodes/src/gripper_control.cpp:284:23:[m[K [01;36m[Knote: [m[K‘[01m[Kgeometry_msgs::Pose Manipulator::getCurrentPose()[m[K’ previously defined here
  284 |   geometry_msgs::Pose [01;36m[KManipulator[m[K::getCurrentPose()
      |                       [01;36m[K^~~~~~~~~~~[m[K
[01m[K/home/sysgen/Project_Lab_P5/Project_Lab_CAS/new_ws/src/franka_example_nodes/src/gripper_control.cpp:742:7:[m[K [01;31m[Kerror: [m[Kredefinition of ‘[01m[Kint main(int, char**)[m[K’
  742 |   int [01;31m[Kmain[m[K(int argc, char **argv)
      |       [01;31m[K^~~~[m[K
[01m[K/home/sysgen/Project_Lab_P5/Project_Lab_CAS/new_ws/src/franka_example_nodes/src/gripper_control.cpp:296:7:[m[K [01;36m[Knote: [m[K‘[01m[Kint main(int, char**)[m[K’ previously defined here
  296 |   int [01;36m[Kmain[m[K(int argc, char **argv)
      |       [01;36m[K^~~~[m[K
make[2]: *** [CMakeFiles/gripper_control.dir/build.make:63: CMakeFiles/gripper_control.dir/src/gripper_control.cpp.o] Error 1
make[1]: *** [CMakeFiles/Makefile2:244: CMakeFiles/gripper_control.dir/all] Error 2
make: *** [Makefile:141: all] Error 2
