In file included from [01m[K/opt/ros/noetic/include/ros/ros.h:40[m[K,
                 from [01m[K/opt/ros/noetic/include/urdf/model.h:50[m[K,
                 from [01m[K/home/sysgen/Project_Lab_P5/Project_Lab_CAS/new_ws/src/moveit/moveit_core/robot_model/include/moveit/robot_model/robot_model.h:44[m[K,
                 from [01m[K/home/sysgen/Project_Lab_P5/Project_Lab_CAS/new_ws/src/moveit/moveit_core/robot_state/include/moveit/robot_state/robot_state.h:40[m[K,
                 from [01m[K/home/sysgen/Project_Lab_P5/Project_Lab_CAS/new_ws/src/moveit/moveit_ros/planning_interface/move_group_interface/include/moveit/move_group_interface/move_group_interface.h:41[m[K,
                 from [01m[K/home/sysgen/Project_Lab_P5/Project_Lab_CAS/new_ws/src/franka_example_nodes/src/gripper_control.cpp:1[m[K:
[01m[K/home/sysgen/Project_Lab_P5/Project_Lab_CAS/new_ws/src/franka_example_nodes/src/gripper_control.cpp:[m[K In member function ‘[01m[Kbool Manipulator::goToPoseCartesian(geometry_msgs::Pose)[m[K’:
[01m[K/home/sysgen/Project_Lab_P5/Project_Lab_CAS/new_ws/src/franka_example_nodes/src/gripper_control.cpp:113:14:[m[K [01;35m[Kwarning: [m[Kformat ‘[01m[K%f[m[K’ expects argument of type ‘[01m[Kdouble[m[K’, but argument 9 has type ‘[01m[Kconst _time_from_start_type[m[K’ {aka ‘[01m[Kconst ros::Duration[m[K’} [[01;35m[K-Wformat=[m[K]
  113 |     ROS_INFO([01;35m[K"Point %zu - time_from_start: %.5f seconds"[m[K, i, [32m[Kpoint.time_from_start[m[K);
      |              [01;35m[K^~~~~~~~~~~~~~~~~~~~~~~~~~~~~~~~~~~~~~~~~~~[m[K     [32m[K~~~~~~~~~~~~~~~~~~~~~[m[K
      |                                                                    [32m[K|[m[K
      |                                                                    [32m[Kconst _time_from_start_type {aka const ros::Duration}[m[K
[01m[K/opt/ros/noetic/include/ros/console.h:351:165:[m[K [01;36m[Knote: [m[Kin definition of macro ‘[01m[KROSCONSOLE_PRINT_AT_LOCATION_WITH_FILTER[m[K’
  351 |     ::ros::console::print(filter, __rosconsole_define_location__loc.logger_, __rosconsole_define_location__loc.level_, __FILE__, __LINE__, __ROSCONSOLE_FUNCTION__, [01;36m[K__VA_ARGS__[m[K)
      |                                                                                                                                                                     [01;36m[K^~~~~~~~~~~[m[K
[01m[K/opt/ros/noetic/include/ros/console.h:390:7:[m[K [01;36m[Knote: [m[Kin expansion of macro ‘[01m[KROSCONSOLE_PRINT_AT_LOCATION[m[K’
  390 |       [01;36m[KROSCONSOLE_PRINT_AT_LOCATION[m[K(__VA_ARGS__); \
      |       [01;36m[K^~~~~~~~~~~~~~~~~~~~~~~~~~~~[m[K
[01m[K/opt/ros/noetic/include/ros/console.h:575:35:[m[K [01;36m[Knote: [m[Kin expansion of macro ‘[01m[KROS_LOG_COND[m[K’
  575 | #define ROS_LOG(level, name, ...) [01;36m[KROS_LOG_COND[m[K(true, level, name, __VA_ARGS__)
      |                                   [01;36m[K^~~~~~~~~~~~[m[K
[01m[K/opt/ros/noetic/include/rosconsole/macros_generated.h:110:23:[m[K [01;36m[Knote: [m[Kin expansion of macro ‘[01m[KROS_LOG[m[K’
  110 | #define ROS_INFO(...) [01;36m[KROS_LOG[m[K(::ros::console::levels::Info, ROSCONSOLE_DEFAULT_NAME, __VA_ARGS__)
      |                       [01;36m[K^~~~~~~[m[K
[01m[K/home/sysgen/Project_Lab_P5/Project_Lab_CAS/new_ws/src/franka_example_nodes/src/gripper_control.cpp:113:5:[m[K [01;36m[Knote: [m[Kin expansion of macro ‘[01m[KROS_INFO[m[K’
  113 |     [01;36m[KROS_INFO[m[K("Point %zu - time_from_start: %.5f seconds", i, point.time_from_start);
      |     [01;36m[K^~~~~~~~[m[K
[01m[K/home/sysgen/Project_Lab_P5/Project_Lab_CAS/new_ws/src/franka_example_nodes/src/gripper_control.cpp:113:47:[m[K [01;36m[Knote: [m[Kformat string is defined here
  113 |     ROS_INFO("Point %zu - time_from_start: [01;36m[K%.5f[m[K seconds", i, point.time_from_start);
      |                                            [01;36m[K~~~^[m[K
      |                                               [01;36m[K|[m[K
      |                                               [01;36m[Kdouble[m[K
