[01m[K/home/sysgen/Project_Lab_P5/Project_Lab_CAS/new_ws/src/franka_example_nodes/src/gripper_control.cpp:[m[K In member function ‘[01m[Kbool Manipulator::goToPoseCartesian(geometry_msgs::Pose)[m[K’:
[01m[K/home/sysgen/Project_Lab_P5/Project_Lab_CAS/new_ws/src/franka_example_nodes/src/gripper_control.cpp:104:108:[m[K [01;35m[Kwarning: [m[K‘[01m[Kdouble moveit::planning_interface::MoveGroupInterface::computeCartesianPath(const std::vector<geometry_msgs::Pose_<std::allocator<void> > >&, double, double, moveit_msgs::RobotTrajectory&, bool, moveit_msgs::MoveItErrorCodes*)[m[K’ is deprecated: Drop jump_threshold [[01;35m[K-Wdeprecated-declarations[m[K]
  104 |   move_group_interface.computeCartesianPath(waypoints, eef_step, jump_threshold, cartesian_plan.trajectory_[01;35m[K)[m[K;
      |                                                                                                            [01;35m[K^[m[K
In file included from [01m[K/home/sysgen/Project_Lab_P5/Project_Lab_CAS/new_ws/src/franka_example_nodes/src/gripper_control.cpp:1[m[K:
[01m[K/home/sysgen/Project_Lab_P5/Project_Lab_CAS/new_ws/src/moveit/moveit_ros/planning_interface/move_group_interface/include/moveit/move_group_interface/move_group_interface.h:783:3:[m[K [01;36m[Knote: [m[Kdeclared here
  783 |   [01;36m[KcomputeCartesianPath[m[K(const std::vector<geometry_msgs::Pose>& waypoints, double eef_step, double /*jump_threshold*/,
      |   [01;36m[K^~~~~~~~~~~~~~~~~~~~[m[K
/usr/bin/ld: CMakeFiles/gripper_control.dir/src/gripper_control.cpp.o: in function `zmq::error_t::what() const':
gripper_control.cpp:(.text._ZNK3zmq7error_t4whatEv[_ZNK3zmq7error_t4whatEv]+0xc): undefined reference to `zmq_strerror'
/usr/bin/ld: CMakeFiles/gripper_control.dir/src/gripper_control.cpp.o: in function `zmq::context_t::context_t(int, int)':
gripper_control.cpp:(.text._ZN3zmq9context_tC2Eii[_ZN3zmq9context_tC5Eii]+0x13): undefined reference to `zmq_ctx_new'
/usr/bin/ld: gripper_control.cpp:(.text._ZN3zmq9context_tC2Eii[_ZN3zmq9context_tC5Eii]+0x2b): undefined reference to `zmq_ctx_set'
/usr/bin/ld: gripper_control.cpp:(.text._ZN3zmq9context_tC2Eii[_ZN3zmq9context_tC5Eii]+0x5d): undefined reference to `zmq_errno'
/usr/bin/ld: gripper_control.cpp:(.text._ZN3zmq9context_tC2Eii[_ZN3zmq9context_tC5Eii]+0x40): undefined reference to `zmq_ctx_set'
/usr/bin/ld: CMakeFiles/gripper_control.dir/src/gripper_control.cpp.o: in function `main':
gripper_control.cpp:(.text.startup+0x902): undefined reference to `zmq_ctx_term'
collect2: error: ld returned 1 exit status
make[2]: *** [CMakeFiles/gripper_control.dir/build.make:192: /home/sysgen/Project_Lab_P5/Project_Lab_CAS/new_ws/devel/.private/franka_example_nodes/lib/franka_example_nodes/gripper_control] Error 1
make[1]: *** [CMakeFiles/Makefile2:244: CMakeFiles/gripper_control.dir/all] Error 2
make: *** [Makefile:141: all] Error 2
