[  1%] Built target fmt
[  3%] Built target gmock_main
[  5%] Built target fcimodels
[  7%] Built target gmock
[  8%] Built target gtest
[ 26%] Built target franka
[ 27%] Built target examples_common
[ 42%] Built target run_all_tests
[ 56%] Built target run_all_tests_ubsan
[ 71%] Built target run_all_tests_asan
[ 72%] Built target joint_impedance_control
[ 74%] Built target force_control
[ 75%] Built target motion_with_control_external_control_loop
[ 76%] Built target echo_robot_state
[ 78%] Built target generate_joint_velocity_motion
[ 78%] Built target communication_test
[ 80%] Built target generate_cartesian_velocity_motion
[ 81%] Built target logging_example
[ 82%] Built target generate_cartesian_pose_motion
[ 84%] Built target generate_joint_position_motion_external_control_loop
[ 85%] Built target generate_cartesian_pose_motion_external_control_loop
[ 86%] Built target generate_consecutive_motions
[ 88%] Built target vacuum_object
[ 89%] Built target generate_elbow_motion
[ 92%] Built target grasp_object
[ 92%] Built target print_joint_poses
[ 94%] Built target cartesian_impedance_control
[ 95%] Built target joint_point_to_point_motion
[ 96%] Built target motion_with_control
[ 97%] Built target generate_joint_velocity_motion_external_control_loop
[ 98%] Built target generate_joint_position_motion
[100%] Built target generate_cartesian_velocity_motion_external_control_loop
