[  2%] Built target gmock
[  4%] Built target gmock_main
[  5%] Built target gtest
[  6%] Built target fmt
[  8%] Built target fcimodels
[ 26%] Built target franka
[ 27%] Built target examples_common
[ 42%] Built target run_all_tests_asan
[ 56%] Built target run_all_tests_ubsan
[ 71%] Built target run_all_tests
[ 72%] Built target motion_with_control_external_control_loop
[ 73%] Built target logging_example
[ 75%] Built target generate_joint_position_motion_external_control_loop
[ 77%] Built target force_control
[ 79%] Built target joint_point_to_point_motion
[ 80%] Built target generate_cartesian_pose_motion
[ 81%] Built target generate_joint_velocity_motion
[ 83%] Built target generate_joint_position_motion
[ 83%] Built target generate_elbow_motion
[ 84%] Built target communication_test
[ 85%] Built target generate_joint_velocity_motion_external_control_loop
[ 86%] Built target joint_impedance_control
[ 87%] Built target motion_with_control
[ 88%] Built target generate_consecutive_motions
[ 89%] Built target echo_robot_state
[ 91%] Built target generate_cartesian_pose_motion_external_control_loop
[ 92%] Built target vacuum_object
[ 94%] Built target grasp_object
[ 96%] Built target cartesian_impedance_control
[ 96%] Built target print_joint_poses
[ 98%] Built target generate_cartesian_velocity_motion
[100%] Built target generate_cartesian_velocity_motion_external_control_loop
