[  1%] Built target fmt
[  3%] Built target fcimodels
[  6%] Built target gmock_main
[  7%] Built target gmock
[  8%] Built target gtest
[ 26%] Built target franka
[ 27%] Built target examples_common
[ 42%] Built target run_all_tests_asan
[ 57%] Built target run_all_tests
[ 71%] Built target run_all_tests_ubsan
[ 72%] Built target generate_joint_velocity_motion_external_control_loop
[ 73%] Built target motion_with_control_external_control_loop
[ 75%] Built target motion_with_control
[ 77%] Built target communication_test
[ 78%] Built target generate_joint_position_motion
[ 78%] Built target vacuum_object
[ 81%] Built target generate_cartesian_pose_motion
[ 81%] Built target generate_joint_position_motion_external_control_loop
[ 83%] Built target generate_joint_velocity_motion
[ 83%] Built target generate_consecutive_motions
[ 84%] Built target echo_robot_state
[ 86%] Built target grasp_object
[ 87%] Built target logging_example
[ 89%] Built target generate_cartesian_velocity_motion
[ 90%] Built target generate_cartesian_velocity_motion_external_control_loop
[ 92%] Built target joint_point_to_point_motion
[ 93%] Built target cartesian_impedance_control
[ 94%] Built target generate_cartesian_pose_motion_external_control_loop
[ 96%] Built target force_control
[ 97%] Built target print_joint_poses
[ 98%] Built target joint_impedance_control
[100%] Built target generate_elbow_motion
