[  2%] Built target fcimodels
[  4%] Built target gmock
[  5%] Built target fmt
[  7%] Built target gmock_main
[  8%] Built target gtest
[ 26%] Built target franka
[ 27%] Built target examples_common
[ 42%] Built target run_all_tests
[ 68%] Built target run_all_tests_ubsan
[ 71%] Built target run_all_tests_asan
[ 72%] Built target print_joint_poses
[ 74%] Built target grasp_object
[ 75%] Built target logging_example
[ 77%] Built target generate_consecutive_motions
[ 78%] Built target generate_cartesian_velocity_motion
[ 79%] Built target echo_robot_state
[ 81%] Built target force_control
[ 82%] Built target joint_impedance_control
[ 83%] Built target motion_with_control_external_control_loop
[ 85%] Built target generate_cartesian_velocity_motion_external_control_loop
[ 85%] Built target generate_cartesian_pose_motion_external_control_loop
[ 86%] Built target motion_with_control
[ 87%] Built target generate_joint_velocity_motion_external_control_loop
[ 89%] Built target vacuum_object
[ 90%] Built target generate_cartesian_pose_motion
[ 92%] Built target generate_elbow_motion
[ 92%] Built target generate_joint_velocity_motion
[ 94%] Built target communication_test
[ 96%] Built target joint_point_to_point_motion
[ 97%] Built target generate_joint_position_motion_external_control_loop
[ 98%] Built target generate_joint_position_motion
[100%] Built target cartesian_impedance_control
