Symlinking /home/sysgen/Project_Lab_P5/Project_Lab_CAS/new_ws/devel/lib/libmoveit_motion_planning_rviz_plugin.so.1.1.16
Symlinking /home/sysgen/Project_Lab_P5/Project_Lab_CAS/new_ws/devel/lib/libmoveit_trajectory_rviz_plugin_core.so.1.1.16
Symlinking /home/sysgen/Project_Lab_P5/Project_Lab_CAS/new_ws/devel/lib/libmoveit_robot_state_rviz_plugin_core.so.1.1.16
Symlinking /home/sysgen/Project_Lab_P5/Project_Lab_CAS/new_ws/devel/lib/libmoveit_rviz_plugin_render_tools.so
Symlinking /home/sysgen/Project_Lab_P5/Project_Lab_CAS/new_ws/devel/lib/libmoveit_planning_scene_rviz_plugin.so
Symlinking /home/sysgen/Project_Lab_P5/Project_Lab_CAS/new_ws/devel/lib/libmoveit_planning_scene_rviz_plugin_core.so.1.1.16
Symlinking /home/sysgen/Project_Lab_P5/Project_Lab_CAS/new_ws/devel/lib/libmoveit_trajectory_rviz_plugin.so
Symlinking /home/sysgen/Project_Lab_P5/Project_Lab_CAS/new_ws/devel/lib/libmoveit_motion_planning_rviz_plugin_core.so.1.1.16
Symlinking /home/sysgen/Project_Lab_P5/Project_Lab_CAS/new_ws/devel/lib/libmoveit_robot_state_rviz_plugin_core.so
Symlinking /home/sysgen/Project_Lab_P5/Project_Lab_CAS/new_ws/devel/lib/libmoveit_robot_state_rviz_plugin.so
Symlinking /home/sysgen/Project_Lab_P5/Project_Lab_CAS/new_ws/devel/lib/libmoveit_motion_planning_rviz_plugin_core.so
Symlinking /home/sysgen/Project_Lab_P5/Project_Lab_CAS/new_ws/devel/lib/libmoveit_motion_planning_rviz_plugin.so
Symlinking /home/sysgen/Project_Lab_P5/Project_Lab_CAS/new_ws/devel/lib/libmoveit_rviz_plugin_render_tools.so.1.1.16
Symlinking /home/sysgen/Project_Lab_P5/Project_Lab_CAS/new_ws/devel/lib/libmoveit_planning_scene_rviz_plugin.so.1.1.16
Symlinking /home/sysgen/Project_Lab_P5/Project_Lab_CAS/new_ws/devel/lib/libmoveit_robot_state_rviz_plugin.so.1.1.16
Symlinking /home/sysgen/Project_Lab_P5/Project_Lab_CAS/new_ws/devel/lib/libmoveit_trajectory_rviz_plugin.so.1.1.16
Symlinking /home/sysgen/Project_Lab_P5/Project_Lab_CAS/new_ws/devel/lib/libmoveit_trajectory_rviz_plugin_core.so
Symlinking /home/sysgen/Project_Lab_P5/Project_Lab_CAS/new_ws/devel/lib/libmoveit_planning_scene_rviz_plugin_core.so
Symlinking /home/sysgen/Project_Lab_P5/Project_Lab_CAS/new_ws/devel/lib/python3/dist-packages/moveit_ros_visualization/__init__.py
Symlinking /home/sysgen/Project_Lab_P5/Project_Lab_CAS/new_ws/devel/lib/pkgconfig/moveit_ros_visualization.pc
Symlinking /home/sysgen/Project_Lab_P5/Project_Lab_CAS/new_ws/devel/lib/moveit_ros_visualization/moveit_joy.py
Symlinking /home/sysgen/Project_Lab_P5/Project_Lab_CAS/new_ws/devel/lib/moveit_ros_visualization/cmake.lock
Symlinking /home/sysgen/Project_Lab_P5/Project_Lab_CAS/new_ws/devel/share/moveit_ros_visualization/cmake/moveit_ros_visualizationConfig-version.cmake
Symlinking /home/sysgen/Project_Lab_P5/Project_Lab_CAS/new_ws/devel/share/moveit_ros_visualization/cmake/moveit_ros_visualizationConfig.cmake
