[  0%] Built target sensor_msgs_generate_messages_lisp
[  0%] Built target object_recognition_msgs_generate_messages_lisp
[  0%] Built target octomap_msgs_generate_messages_py
[  0%] Built target octomap_msgs_generate_messages_nodejs
[  0%] Built target object_recognition_msgs_generate_messages_cpp
[  0%] Built target actionlib_generate_messages_lisp
[  0%] Built target object_recognition_msgs_generate_messages_nodejs
[  0%] Built target actionlib_generate_messages_py
[  0%] Built target object_recognition_msgs_generate_messages_py
[  0%] Built target octomap_msgs_generate_messages_cpp
[  0%] Built target _catkin_empty_exported_target
[  0%] Built target object_recognition_msgs_generate_messages_eus
[  0%] Built target octomap_msgs_generate_messages_lisp
[  0%] Built target octomap_msgs_generate_messages_eus
[  0%] Built target shape_msgs_generate_messages_lisp
[  0%] Built target trajectory_msgs_generate_messages_cpp
[  0%] Built target shape_msgs_generate_messages_cpp
[  0%] Built target trajectory_msgs_generate_messages_nodejs
[  0%] Built target actionlib_msgs_generate_messages_py
[  0%] Built target sensor_msgs_generate_messages_nodejs
[  0%] Built target visualization_msgs_generate_messages_eus
[  0%] Built target tf2_msgs_generate_messages_py
[  0%] Built target actionlib_generate_messages_cpp
[  0%] Built target std_msgs_generate_messages_nodejs
[  0%] Built target sensor_msgs_generate_messages_py
[  0%] Built target actionlib_msgs_generate_messages_cpp
[  0%] Built target geometry_msgs_generate_messages_cpp
[  0%] Built target std_msgs_generate_messages_cpp
[  0%] Built target rosgraph_msgs_generate_messages_nodejs
[  0%] Built target tf2_msgs_generate_messages_cpp
[  0%] Built target roscpp_generate_messages_lisp
[  0%] Built target moveit_msgs_generate_messages_py
[  0%] Built target trajectory_msgs_generate_messages_lisp
[  0%] Built target moveit_msgs_generate_messages_eus
[  0%] Built target geometry_msgs_generate_messages_nodejs
[  0%] Built target std_msgs_generate_messages_py
[  0%] Built target visualization_msgs_generate_messages_lisp
[  0%] Built target rosgraph_msgs_generate_messages_lisp
[  0%] Built target shape_msgs_generate_messages_eus
[  0%] Built target geometry_msgs_generate_messages_lisp
[  0%] Built target roscpp_generate_messages_eus
[  0%] Built target actionlib_msgs_generate_messages_nodejs
[  0%] Built target geometry_msgs_generate_messages_py
[  0%] Built target geometry_msgs_generate_messages_eus
[  0%] Built target tf2_msgs_generate_messages_eus
[  0%] Built target actionlib_msgs_generate_messages_eus
[  0%] Built target tf2_msgs_generate_messages_lisp
[  0%] Built target actionlib_msgs_generate_messages_lisp
[  0%] Built target std_msgs_generate_messages_eus
[  0%] Built target roscpp_generate_messages_cpp
[  0%] Built target roscpp_generate_messages_py
[  0%] Built target std_msgs_generate_messages_lisp
[  0%] Built target roscpp_generate_messages_nodejs
[  1%] [34m[1mGenerating /home/sysgen/Project_Lab_P5/Project_Lab_CAS/new_ws/devel/.private/moveit_core/include/moveit/version.h, always_rebuild[0m
[  1%] Built target shape_msgs_generate_messages_nodejs
[  1%] Built target sensor_msgs_generate_messages_cpp
[  1%] Built target moveit_msgs_generate_messages_cpp
[  1%] Built target rosgraph_msgs_generate_messages_cpp
[  1%] Built target tf2_msgs_generate_messages_nodejs
[  1%] Built target rosgraph_msgs_generate_messages_eus
[  1%] Built target trajectory_msgs_generate_messages_eus
[  1%] Built target trajectory_msgs_generate_messages_py
[  1%] Built target moveit_msgs_generate_messages_nodejs
[  1%] Built target actionlib_generate_messages_eus
[  1%] Built target moveit_msgs_generate_messages_lisp
[  3%] Built target moveit_profiler
[  3%] Built target visualization_msgs_generate_messages_py
[  3%] Built target visualization_msgs_generate_messages_nodejs
[  4%] Built target rosgraph_msgs_generate_messages_py
[  4%] Built target moveit_exceptions
[  6%] Built target moveit_background_processing
[  6%] Built target visualization_msgs_generate_messages_cpp
[  6%] Built target shape_msgs_generate_messages_py
[  6%] Built target actionlib_generate_messages_nodejs
[  6%] Built target sensor_msgs_generate_messages_eus
[  8%] Built target gtest
--  *** Building MoveIt 1.1.17-devel ***
[ 11%] Built target moveit_utils
[ 12%] Built target moveit_kinematics_base
[ 14%] Built target moveit_python_tools
[ 17%] Built target moveit_transforms
[ 19%] [34m[1mGenerating version.h[0m
[ 22%] Built target moveit_distance_field
[ 22%] Built target version_h
[35m[1mScanning dependencies of target moveit_version[0m
[ 24%] [32mBuilding CXX object version/CMakeFiles/moveit_version.dir/version.cpp.o[0m
[ 33%] Built target moveit_robot_model
[ 35%] Built target moveit_test_utils
[ 40%] Built target moveit_robot_state
[ 41%] Built target moveit_robot_trajectory
[ 43%] Built target robot_state_benchmark
[ 46%] Built target moveit_dynamics_solver
[ 48%] Built target moveit_kinematics_metrics
[ 56%] Built target moveit_collision_detection
[ 59%] Built target moveit_planning_interface
[ 66%] Built target moveit_trajectory_processing
[ 67%] Built target moveit_collision_detection_fcl
[ 74%] Built target moveit_collision_detection_bullet
[ 75%] Built target moveit_kinematic_constraints
[ 75%] [32m[1mLinking CXX executable /home/sysgen/Project_Lab_P5/Project_Lab_CAS/new_ws/devel/.private/moveit_core/lib/moveit_core/moveit_version[0m
[ 77%] Built target moveit_planning_scene
[ 82%] Built target moveit_constraint_samplers
[ 83%] Built target collision_detector_bullet_plugin
[ 85%] Built target collision_detector_fcl_plugin
[ 87%] Built target moveit_planning_request_adapter
[ 91%] Built target moveit_collision_distance_field
[100%] Built target pymoveit_core
[100%] Built target moveit_version
